20180802 22:17:29 T-Rex NVIDIA GPU miner v0.5.6
20180802 22:17:29 
20180802 22:17:29 CUDA devices available: 8
20180802 22:17:29 Starting on: tribus.mine.zergpool.com:8533
20180802 22:17:29 ApiServer: HTTP server started on 0.0.0.0:4067
20180802 22:17:29 ApiServer: Telnet server started on 0.0.0.0:4069
20180802 22:17:30 WARN: New difficulty: 0.4
20180802 22:17:30 tribus block 1085008, diff 3429.321
20180802 22:17:30 WARN: GPU #4: Intensity set to 23, 8388608 cuda threads
20180802 22:17:30 WARN: GPU #3: Intensity set to 23, 8388608 cuda threads
20180802 22:17:30 WARN: GPU #5: Intensity set to 23, 8388608 cuda threads
20180802 22:17:30 WARN: GPU #7: Intensity set to 23, 8388608 cuda threads
20180802 22:17:30 WARN: GPU #8: Intensity set to 23, 8388608 cuda threads
20180802 22:17:30 WARN: GPU #11: Intensity set to 23, 8388608 cuda threads
20180802 22:17:30 WARN: GPU #12: Intensity set to 23, 8388608 cuda threads
20180802 22:17:30 WARN: GPU #0: Intensity set to 23, 8388608 cuda threads
20180802 22:17:48 tribus block 1085009, diff 1659.349
20180802 22:17:50 [32m[ OK ][0m 1/1 - 122.25 MH/s
20180802 22:17:51 [32m[ OK ][0m 2/2 - 233.53 MH/s
20180802 22:17:58 [32m[ OK ][0m 3/3 - 234.77 MH/s
20180802 22:18:00 tribus block 1085010, diff 3111.280
20180802 22:18:03 [32m[ OK ][0m 4/4 - 235.18 MH/s
20180802 22:18:16 [32m[ OK ][0m 5/5 - 240.23 MH/s
20180802 22:18:16 GPU #0: 40.97 MH/s
20180802 22:18:16 GPU #3: 27.98 MH/s
20180802 22:18:16 GPU #4: 27.50 MH/s
20180802 22:18:16 GPU #5: 29.03 MH/s
20180802 22:18:16 GPU #7: 28.78 MH/s
20180802 22:18:16 GPU #8: 28.87 MH/s
20180802 22:18:16 GPU #11: 28.77 MH/s
20180802 22:18:16 GPU #12: 28.33 MH/s
20180802 22:18:29 [32m[ OK ][0m 6/6 - 244.38 MH/s
20180802 22:18:41 [32m[ OK ][0m 7/7 - 244.80 MH/s
20180802 22:18:52 tribus block 1085011, diff 3111.280
20180802 22:18:59 [32m[ OK ][0m 8/8 - 245.07 MH/s
