*** ccminer 2.2.5 for nVidia GPUs by tpruvot@github ***
    Built with the nVidia CUDA Toolkit 9.1 64-bits

  Originally based on Christian Buchner and Christian H. project
  Include some kernels from alexis78, djm34, djEzo, tsiv and krnlx.

BTC donation address: 1AJdfCpLWPNoAMDfHF1wD5y8VgKSSTHxPo (tpruvot)

[2018-08-02 22:17:24][36m Starting on stratum+tcp://timetravel.mine.zergpool.com:3555[0m
[2018-08-02 22:17:25][33m Stratum difficulty set to 16 (0.06250)[0m
[2018-08-02 22:17:25][36m timetravel block 552647, diff 129.588[0m
[2018-08-02 22:17:25] NVML GPU monitoring enabled.[0m
[2018-08-02 22:17:25] 6 miner threads started, using 'timetravel' algorithm.[0m
[2018-08-02 22:17:25] GPU #9: Intensity set to 20, 1048576 cuda threads[0m
[2018-08-02 22:17:25] GPU #2: Intensity set to 20, 1048576 cuda threads[0m
[2018-08-02 22:17:25] GPU #0: Intensity set to 20, 1048576 cuda threads[0m
[2018-08-02 22:17:25] GPU #1: Intensity set to 20, 1048576 cuda threads[0m
[2018-08-02 22:17:25] GPU #10: Intensity set to 20, 1048576 cuda threads[0m
[2018-08-02 22:17:25] GPU #6: Intensity set to 20, 1048576 cuda threads[0m
[2018-08-02 22:17:26] API open to the network in read-only mode on port 4068[0m
[2018-08-02 22:17:33] Timetravel first algo is now cube[0m
[2018-08-02 22:17:34] GPU #10: Gigabyte GTX 1070, 24.93 MH/s[0m
[2018-08-02 22:17:34] GPU #2: Gigabyte GTX 1070, 24.66 MH/s[0m
[2018-08-02 22:17:34][01;37m accepted: 1/1 (diff 0.112), 51.75 MH/s [32myes![0m
[2018-08-02 22:17:34] GPU #9: GeForce GTX 1070, 23.32 MH/s[0m
[2018-08-02 22:17:34] GPU #0: Gigabyte GTX 1070, 23.67 MH/s[0m
[2018-08-02 22:17:35] GPU #1: GeForce GTX 1070, 22.89 MH/s[0m
[2018-08-02 22:17:35] GPU #6: Gigabyte GTX 1070, 22.55 MH/s[0m
[2018-08-02 22:17:36][01;37m accepted: 2/2 (diff 0.114), 143.11 MH/s [32myes![0m
[2018-08-02 22:17:36][01;37m accepted: 3/3 (diff 0.079), 142.79 MH/s [32myes![0m
[2018-08-02 22:17:37][01;37m accepted: 4/4 (diff 0.163), 143.57 MH/s [32myes![0m
[2018-08-02 22:17:39] GPU #10: Gigabyte GTX 1070, 25.34 MH/s[0m
[2018-08-02 22:17:39][01;37m accepted: 5/5 (diff 0.134), 143.98 MH/s [32myes![0m
[2018-08-02 22:17:40] GPU #9: GeForce GTX 1070, 25.31 MH/s[0m
[2018-08-02 22:17:40][01;37m accepted: 6/6 (diff 0.101), 144.42 MH/s [32myes![0m
[2018-08-02 22:17:41] GPU #0: Gigabyte GTX 1070, 25.10 MH/s[0m
[2018-08-02 22:17:41][01;37m accepted: 7/7 (diff 0.124), 145.85 MH/s [32myes![0m
[2018-08-02 22:17:42][01;37m accepted: 8/8 (diff 0.103), 146.48 MH/s [32myes![0m
[2018-08-02 22:17:43][01;37m accepted: 9/9 (diff 0.070), 146.76 MH/s [32myes![0m
[2018-08-02 22:17:45] GPU #9: GeForce GTX 1070, 25.94 MH/s[0m
[2018-08-02 22:17:45][01;37m accepted: 10/10 (diff 0.074), 146.96 MH/s [32myes![0m
[2018-08-02 22:17:47] GPU #10: Gigabyte GTX 1070, 24.06 MH/s[0m
[2018-08-02 22:17:47][01;37m accepted: 11/11 (diff 0.225), 146.32 MH/s [32myes![0m
[2018-08-02 22:17:47][01;37m accepted: 12/12 (diff 0.073), 145.93 MH/s [32myes![0m
[2018-08-02 22:17:49] GPU #9: GeForce GTX 1070, 24.33 MH/s[0m
[2018-08-02 22:17:49][01;37m accepted: 13/13 (diff 0.077), 145.73 MH/s [32myes![0m
[2018-08-02 22:17:50] GPU #2: Gigabyte GTX 1070, 25.02 MH/s[0m
[2018-08-02 22:17:50][01;37m accepted: 14/14 (diff 0.080), 145.51 MH/s [32myes![0m
[2018-08-02 22:17:56] GPU #1: GeForce GTX 1070, 21.92 MH/s[0m
[2018-08-02 22:17:57][33m Stratum difficulty set to 32 (0.12500)[0m
[2018-08-02 22:17:57][01;37m accepted: 14/15 (diff 0.093), 144.54 MH/s [31mbooooo[0m
[2018-08-02 22:17:57][33m reject reason: Invalid job id[0m
[2018-08-02 22:17:59] GPU #2: Gigabyte GTX 1070, 18.02 MH/s[0m
[2018-08-02 22:17:59][01;37m accepted: 15/16 (diff 0.188), 142.14 MH/s [32myes![0m
[2018-08-02 22:18:11] GPU #2: Gigabyte GTX 1070, 21.07 MH/s[0m
[2018-08-02 22:18:11][01;37m accepted: 16/17 (diff 0.228), 141.70 MH/s [32myes![0m
[2018-08-02 22:18:15] GPU #0: Gigabyte GTX 1070, 9366.82 kH/s[0m
[2018-08-02 22:18:15][01;37m accepted: 17/18 (diff 0.158), 136.25 MH/s [32myes![0m
[2018-08-02 22:18:23] GPU #6: Gigabyte GTX 1070, 18.43 MH/s[0m
[2018-08-02 22:18:23][01;37m accepted: 18/19 (diff 0.866), 134.35 MH/s [32myes![0m
[2018-08-02 22:18:23] GPU #9: GeForce GTX 1070, 22.27 MH/s[0m
[2018-08-02 22:18:23][01;37m accepted: 19/20 (diff 0.221), 133.88 MH/s [32myes![0m
[2018-08-02 22:18:25][33m Stratum difficulty set to 48 (0.18750)[0m
[2018-08-02 22:18:25][36m timetravel block 552648, diff 172.020[0m
[2018-08-02 22:18:26][36m timetravel block 552649, diff 228.348[0m
[2018-08-02 22:18:37] GPU #1: GeForce GTX 1070, 19.14 MH/s[0m
[2018-08-02 22:18:38][01;37m accepted: 20/21 (diff 0.569), 132.48 MH/s [32myes![0m
[2018-08-02 22:18:38][36m timetravel block 552650, diff 303.118[0m
[2018-08-02 22:18:47][36m timetravel block 552651, diff 402.373[0m
[2018-08-02 22:18:47] GPU #10: Gigabyte GTX 1070, 24.34 MH/s[0m
[2018-08-02 22:18:47][01;37m accepted: 21/22 (diff 0.858), 132.49 MH/s [32myes![0m
[2018-08-02 22:19:00] GPU #0: Gigabyte GTX 1070, 11.73 MH/s[0m
[2018-08-02 22:19:00] GPU #10: Gigabyte GTX 1070, 20.26 MH/s[0m
[2018-08-02 22:19:00][01;37m accepted: 22/23 (diff 0.280), 129.55 MH/s [32myes![0m
[2018-08-02 22:19:01] GPU #0: 1833 MHz 126.57 kH/W 143W 62C FAN 85%[0m
[2018-08-02 22:19:01][01;37m accepted: 23/24 (diff 0.197), 129.55 MH/s [32myes![0m
[2018-08-02 22:19:02][36m timetravel block 552652, diff 534.124[0m
[2018-08-02 22:19:15] GPU #2: Gigabyte GTX 1070, 23.97 MH/s[0m
[2018-08-02 22:19:15][01;37m accepted: 24/25 (diff 0.449), 129.86 MH/s [32myes![0m
[2018-08-02 22:19:19] GPU #6: Gigabyte GTX 1070, 19.90 MH/s[0m
[2018-08-02 22:19:20][01;37m accepted: 25/26 (diff 0.223), 129.72 MH/s [32myes![0m
